[0.018s] Invoking command in '/home/user/Projects/ros2_ws/build/realsense2_camera_msgs': CMAKE_PREFIX_PATH=${CMAKE_PREFIX_PATH}:/home/user/Projects/ros2_ws/install/object_avoidance:/opt/ros/foxy /usr/bin/cmake --build /home/user/Projects/ros2_ws/build/realsense2_camera_msgs -- -j12 -l12
[0.070s] [  1%] Built target realsense2_camera_msgs__cpp
[0.072s] [ 12%] Built target realsense2_camera_msgs__rosidl_generator_c
[0.093s] [ 34%] Built target realsense2_camera_msgs__rosidl_typesupport_cpp
[0.093s] [ 34%] Built target realsense2_camera_msgs__rosidl_typesupport_introspection_cpp
[0.093s] [ 45%] Built target realsense2_camera_msgs__rosidl_typesupport_c
[0.094s] [ 56%] Built target realsense2_camera_msgs__rosidl_typesupport_introspection_c
[0.098s] [ 67%] Built target realsense2_camera_msgs__rosidl_typesupport_fastrtps_cpp
[0.124s] [ 78%] Built target realsense2_camera_msgs__rosidl_typesupport_fastrtps_c
[0.143s] [ 78%] Built target realsense2_camera_msgs
[0.163s] [ 80%] Built target realsense2_camera_msgs__py
[0.185s] [ 85%] [32mBuilding C object CMakeFiles/realsense2_camera_msgs__python.dir/rosidl_generator_py/realsense2_camera_msgs/msg/_imu_info_s.c.o[0m
[0.185s] [ 85%] [32mBuilding C object CMakeFiles/realsense2_camera_msgs__python.dir/rosidl_generator_py/realsense2_camera_msgs/msg/_extrinsics_s.c.o[0m
[0.185s] [ 85%] [32mBuilding C object CMakeFiles/realsense2_camera_msgs__python.dir/rosidl_generator_py/realsense2_camera_msgs/msg/_metadata_s.c.o[0m
[0.185s] [ 87%] [32mBuilding C object CMakeFiles/realsense2_camera_msgs__python.dir/rosidl_generator_py/realsense2_camera_msgs/srv/_device_info_s.c.o[0m
[0.234s] [01m[K/home/user/Projects/ros2_ws/build/realsense2_camera_msgs/rosidl_generator_py/realsense2_camera_msgs/msg/_imu_info_s.c:11:10:[m[K [01;31m[Kfatal error: [m[Knumpy/ndarrayobject.h: No such file or directory
[0.234s]    11 | #include [01;31m[K"numpy/ndarrayobject.h"[m[K
[0.234s]       |          [01;31m[K^~~~~~~~~~~~~~~~~~~~~~~[m[K
[0.234s] compilation terminated.
[0.234s] [01m[K/home/user/Projects/ros2_ws/build/realsense2_camera_msgs/rosidl_generator_py/realsense2_camera_msgs/srv/_device_info_s.c:11:10:[m[K [01;31m[Kfatal error: [m[Knumpy/ndarrayobject.h: No such file or directory
[0.235s]    11 | #include [01;31m[K"numpy/ndarrayobject.h"[m[K
[0.235s]       |          [01;31m[K^~~~~~~~~~~~~~~~~~~~~~~[m[K
[0.235s] compilation terminated.
[0.235s] [01m[K/home/user/Projects/ros2_ws/build/realsense2_camera_msgs/rosidl_generator_py/realsense2_camera_msgs/msg/_extrinsics_s.c:11:10:[m[K [01;31m[Kfatal error: [m[Knumpy/ndarrayobject.h: No such file or directory
[0.235s]    11 | #include [01;31m[K"numpy/ndarrayobject.h"[m[K
[0.235s]       |          [01;31m[K^~~~~~~~~~~~~~~~~~~~~~~[m[K
[0.235s] compilation terminated.
[0.238s] make[2]: *** [CMakeFiles/realsense2_camera_msgs__python.dir/build.make:76: CMakeFiles/realsense2_camera_msgs__python.dir/rosidl_generator_py/realsense2_camera_msgs/msg/_extrinsics_s.c.o] Error 1
[0.238s] make[2]: *** Waiting for unfinished jobs....
[0.238s] make[2]: *** [CMakeFiles/realsense2_camera_msgs__python.dir/build.make:63: CMakeFiles/realsense2_camera_msgs__python.dir/rosidl_generator_py/realsense2_camera_msgs/msg/_imu_info_s.c.o] Error 1
[0.238s] make[2]: *** [CMakeFiles/realsense2_camera_msgs__python.dir/build.make:102: CMakeFiles/realsense2_camera_msgs__python.dir/rosidl_generator_py/realsense2_camera_msgs/srv/_device_info_s.c.o] Error 1
[0.238s] [01m[K/home/user/Projects/ros2_ws/build/realsense2_camera_msgs/rosidl_generator_py/realsense2_camera_msgs/msg/_metadata_s.c:11:10:[m[K [01;31m[Kfatal error: [m[Knumpy/ndarrayobject.h: No such file or directory
[0.239s]    11 | #include [01;31m[K"numpy/ndarrayobject.h"[m[K
[0.239s]       |          [01;31m[K^~~~~~~~~~~~~~~~~~~~~~~[m[K
[0.239s] compilation terminated.
[0.239s] make[2]: *** [CMakeFiles/realsense2_camera_msgs__python.dir/build.make:89: CMakeFiles/realsense2_camera_msgs__python.dir/rosidl_generator_py/realsense2_camera_msgs/msg/_metadata_s.c.o] Error 1
[0.239s] make[1]: *** [CMakeFiles/Makefile2:526: CMakeFiles/realsense2_camera_msgs__python.dir/all] Error 2
[0.239s] make: *** [Makefile:141: all] Error 2
[0.714s] Invoked command in '/home/user/Projects/ros2_ws/build/realsense2_camera_msgs' returned '2': CMAKE_PREFIX_PATH=${CMAKE_PREFIX_PATH}:/home/user/Projects/ros2_ws/install/object_avoidance:/opt/ros/foxy /usr/bin/cmake --build /home/user/Projects/ros2_ws/build/realsense2_camera_msgs -- -j12 -l12
