[01m[K/home/user/Projects/dev_ws/src/realsense-ros/realsense2_camera/src/base_realsense_node.cpp:[m[K In member function â€˜[01m[Kvoid realsense2_camera::BaseRealSenseNode::publishPointCloud(rs2::points, const rclcpp::Time&, const rs2::frameset&)[m[Kâ€™:
[01m[K/home/user/Projects/dev_ws/src/realsense-ros/realsense2_camera/src/base_realsense_node.cpp:2248:29:[m[K [01;31m[Kerror: [m[Kâ€˜[01m[Kfind_if[m[Kâ€™ was not declared in this scope; did you mean â€˜[01m[Kstd::find_if[m[Kâ€™?
 2248 |         texture_frame_itr = [01;31m[Kfind_if[m[K(frameset.begin(), frameset.end(), [&texture_source_id, &available_formats] (rs2::frame f)
      |                             [01;31m[K^~~~~~~[m[K
      |                             [32m[Kstd::find_if[m[K
In file included from [01m[K/usr/include/c++/9/algorithm:62[m[K,
                 from [01m[K/opt/ros/foxy/include/rosidl_runtime_cpp/bounded_vector.hpp:18[m[K,
                 from [01m[K/opt/ros/foxy/include/sensor_msgs/msg/detail/image__struct.hpp:8[m[K,
                 from [01m[K/opt/ros/foxy/include/sensor_msgs/msg/image.hpp:7[m[K,
                 from [01m[K/opt/ros/foxy/include/cv_bridge/cv_bridge.h:40[m[K,
                 from [01m[K/home/user/Projects/dev_ws/src/realsense-ros/realsense2_camera/include/realsense2_camera/base_realsense_node.h:11[m[K,
                 from [01m[K/home/user/Projects/dev_ws/src/realsense-ros/realsense2_camera/src/base_realsense_node.cpp:1[m[K:
[01m[K/usr/include/c++/9/bits/stl_algo.h:3960:5:[m[K [01;36m[Knote: [m[Kâ€˜[01m[Kstd::find_if[m[Kâ€™ declared here
 3960 |     [01;36m[Kfind_if[m[K(_InputIterator __first, _InputIterator __last,
      |     [01;36m[K^~~~~~~[m[K
make[2]: *** [CMakeFiles/realsense2_camera.dir/build.make:76: CMakeFiles/realsense2_camera.dir/src/base_realsense_node.cpp.o] Error 1
make[2]: *** Waiting for unfinished jobs....
make[1]: *** [CMakeFiles/Makefile2:107: CMakeFiles/realsense2_camera.dir/all] Error 2
make: *** [Makefile:141: all] Error 2
