-- Create Release Build.
-- Found ament_cmake: 0.9.9 (/opt/ros/foxy/share/ament_cmake/cmake)
-- Found PythonInterp: /usr/bin/python3 (found suitable version "3.8.10", minimum required is "3") 
-- Using PYTHON_EXECUTABLE: /usr/bin/python3
-- Found builtin_interfaces: 1.0.0 (/opt/ros/foxy/share/builtin_interfaces/cmake)
-- Using all available rosidl_typesupport_c: rosidl_typesupport_fastrtps_c;rosidl_typesupport_introspection_c
-- Found rosidl_adapter: 1.2.1 (/opt/ros/foxy/share/rosidl_adapter/cmake)
-- Using all available rosidl_typesupport_cpp: rosidl_typesupport_fastrtps_cpp;rosidl_typesupport_introspection_cpp
-- Found cv_bridge: 2.2.1 (/opt/ros/foxy/share/cv_bridge/cmake)
-- Found image_transport: 2.3.0 (/opt/ros/foxy/share/image_transport/cmake)
-- Found rmw_implementation_cmake: 1.0.3 (/opt/ros/foxy/share/rmw_implementation_cmake/cmake)
-- Using RMW implementation 'rmw_fastrtps_cpp' as default
-- Found rclcpp_components: 2.4.1 (/opt/ros/foxy/share/rclcpp_components/cmake)
-- Found realsense2_camera_msgs: 3.1.4 (/home/user/Projects/dev_ws/install/realsense2_camera_msgs/share/realsense2_camera_msgs/cmake)
-- Found nav_msgs: 2.0.5 (/opt/ros/foxy/share/nav_msgs/cmake)
-- Found tf2_ros: 0.13.13 (/opt/ros/foxy/share/tf2_ros/cmake)
-- Found ament_lint_auto: 0.9.6 (/opt/ros/foxy/share/ament_lint_auto/cmake)
-- Added test 'copyright' to check source files copyright and LICENSE
-- Added test 'cppcheck' to perform static code analysis on C / C++ code
-- Configured cppcheck include dirs: /home/user/Projects/dev_ws/src/realsense-ros/realsense2_camera/include
-- Configured cppcheck exclude dirs and/or files: 
-- Added test 'cpplint' to check C / C++ code against the Google style
-- Configured cpplint exclude dirs and/or files: 
-- Added test 'flake8' to check Python code syntax and style conventions
-- Added test 'lint_cmake' to check CMake code style
-- Added test 'pep257' to check Python code against some of the style conventions in PEP 257
-- Added test 'uncrustify' to check C / C++ code style
-- Configured uncrustify additional arguments: 
-- Added test 'xmllint' to check XML markup files
-- Configuring done
-- Generating done
-- Build files have been written to: /home/user/Projects/dev_ws/build/realsense2_camera
[35m[1mScanning dependencies of target realsense2_camera_node[0m
[35m[1mScanning dependencies of target realsense2_camera[0m
[ 16%] [32mBuilding CXX object CMakeFiles/realsense2_camera_node.dir/rclcpp_components/node_main_realsense2_camera_node.cpp.o[0m
[ 33%] [32mBuilding CXX object CMakeFiles/realsense2_camera.dir/src/realsense_node_factory.cpp.o[0m
[ 50%] [32mBuilding CXX object CMakeFiles/realsense2_camera.dir/src/base_realsense_node.cpp.o[0m
[ 66%] [32mBuilding CXX object CMakeFiles/realsense2_camera.dir/src/t265_realsense_node.cpp.o[0m
[ 83%] [32m[1mLinking CXX executable realsense2_camera_node[0m
[ 83%] Built target realsense2_camera_node
[01m[K/home/user/Projects/dev_ws/src/realsense-ros/realsense2_camera/src/base_realsense_node.cpp:[m[K In member function â€˜[01m[Kvoid realsense2_camera::BaseRealSenseNode::publishPointCloud(rs2::points, const rclcpp::Time&, const rs2::frameset&)[m[Kâ€™:
[01m[K/home/user/Projects/dev_ws/src/realsense-ros/realsense2_camera/src/base_realsense_node.cpp:2248:29:[m[K [01;31m[Kerror: [m[Kâ€˜[01m[Kfind_if[m[Kâ€™ was not declared in this scope; did you mean â€˜[01m[Kstd::find_if[m[Kâ€™?
 2248 |         texture_frame_itr = [01;31m[Kfind_if[m[K(frameset.begin(), frameset.end(), [&texture_source_id, &available_formats] (rs2::frame f)
      |                             [01;31m[K^~~~~~~[m[K
      |                             [32m[Kstd::find_if[m[K
In file included from [01m[K/usr/include/c++/9/algorithm:62[m[K,
                 from [01m[K/opt/ros/foxy/include/rosidl_runtime_cpp/bounded_vector.hpp:18[m[K,
                 from [01m[K/opt/ros/foxy/include/sensor_msgs/msg/detail/image__struct.hpp:8[m[K,
                 from [01m[K/opt/ros/foxy/include/sensor_msgs/msg/image.hpp:7[m[K,
                 from [01m[K/opt/ros/foxy/include/cv_bridge/cv_bridge.h:40[m[K,
                 from [01m[K/home/user/Projects/dev_ws/src/realsense-ros/realsense2_camera/include/realsense2_camera/base_realsense_node.h:11[m[K,
                 from [01m[K/home/user/Projects/dev_ws/src/realsense-ros/realsense2_camera/src/base_realsense_node.cpp:1[m[K:
[01m[K/usr/include/c++/9/bits/stl_algo.h:3960:5:[m[K [01;36m[Knote: [m[Kâ€˜[01m[Kstd::find_if[m[Kâ€™ declared here
 3960 |     [01;36m[Kfind_if[m[K(_InputIterator __first, _InputIterator __last,
      |     [01;36m[K^~~~~~~[m[K
make[2]: *** [CMakeFiles/realsense2_camera.dir/build.make:76: CMakeFiles/realsense2_camera.dir/src/base_realsense_node.cpp.o] Error 1
make[2]: *** Waiting for unfinished jobs....
make[1]: *** [CMakeFiles/Makefile2:107: CMakeFiles/realsense2_camera.dir/all] Error 2
make: *** [Makefile:141: all] Error 2
