[0.015s] Invoking command in '/home/user/Projects/dev_ws/build/realsense2_camera': CMAKE_PREFIX_PATH=/home/user/Projects/dev_ws/install/realsense2_camera_msgs:/home/user/Projects/dev_ws/install/realsense2_description:/home/user/Projects/dev_ws/install/realsense2_camera:/home/user/Projects/dev_ws/install/avoidance:/opt/ros/foxy DEFAULT_THROTTLE=5 LD_LIBRARY_PATH=/home/user/Projects/dev_ws/install/realsense2_camera_msgs/lib:/home/user/Projects/dev_ws/install/realsense2_camera/lib:/opt/ros/foxy/opt/yaml_cpp_vendor/lib:/opt/ros/foxy/opt/rviz_ogre_vendor/lib:/opt/ros/foxy/lib/x86_64-linux-gnu:/opt/ros/foxy/lib /usr/bin/cmake --build /home/user/Projects/dev_ws/build/realsense2_camera -- -j12 -l12
[0.040s] -- Create Release Build.
[0.040s] -- Found ament_cmake: 0.9.9 (/opt/ros/foxy/share/ament_cmake/cmake)
[0.059s] -- Found PythonInterp: /usr/bin/python3 (found suitable version "3.8.10", minimum required is "3") 
[0.059s] -- Using PYTHON_EXECUTABLE: /usr/bin/python3
[0.208s] -- Found builtin_interfaces: 1.0.0 (/opt/ros/foxy/share/builtin_interfaces/cmake)
[0.225s] -- Using all available rosidl_typesupport_c: rosidl_typesupport_fastrtps_c;rosidl_typesupport_introspection_c
[0.228s] -- Found rosidl_adapter: 1.2.1 (/opt/ros/foxy/share/rosidl_adapter/cmake)
[0.350s] -- Using all available rosidl_typesupport_cpp: rosidl_typesupport_fastrtps_cpp;rosidl_typesupport_introspection_cpp
[0.372s] -- Found cv_bridge: 2.2.1 (/opt/ros/foxy/share/cv_bridge/cmake)
[0.386s] -- Found image_transport: 2.3.0 (/opt/ros/foxy/share/image_transport/cmake)
[0.431s] -- Found rmw_implementation_cmake: 1.0.3 (/opt/ros/foxy/share/rmw_implementation_cmake/cmake)
[0.433s] -- Using RMW implementation 'rmw_fastrtps_cpp' as default
[0.724s] -- Found rclcpp_components: 2.4.1 (/opt/ros/foxy/share/rclcpp_components/cmake)
[0.774s] -- Found realsense2_camera_msgs: 3.1.4 (/home/user/Projects/dev_ws/install/realsense2_camera_msgs/share/realsense2_camera_msgs/cmake)
[0.808s] -- Found nav_msgs: 2.0.5 (/opt/ros/foxy/share/nav_msgs/cmake)
[0.878s] -- Found tf2_ros: 0.13.13 (/opt/ros/foxy/share/tf2_ros/cmake)
[1.161s] -- Found ament_lint_auto: 0.9.6 (/opt/ros/foxy/share/ament_lint_auto/cmake)
[1.239s] -- Added test 'copyright' to check source files copyright and LICENSE
[1.241s] -- Added test 'cppcheck' to perform static code analysis on C / C++ code
[1.241s] -- Configured cppcheck include dirs: /home/user/Projects/dev_ws/src/realsense-ros/realsense2_camera/include
[1.241s] -- Configured cppcheck exclude dirs and/or files: 
[1.243s] -- Added test 'cpplint' to check C / C++ code against the Google style
[1.243s] -- Configured cpplint exclude dirs and/or files: 
[1.244s] -- Added test 'flake8' to check Python code syntax and style conventions
[1.245s] -- Added test 'lint_cmake' to check CMake code style
[1.245s] -- Added test 'pep257' to check Python code against some of the style conventions in PEP 257
[1.247s] -- Added test 'uncrustify' to check C / C++ code style
[1.247s] -- Configured uncrustify additional arguments: 
[1.248s] -- Added test 'xmllint' to check XML markup files
[1.253s] -- Configuring done
[1.294s] -- Generating done
[1.295s] -- Build files have been written to: /home/user/Projects/dev_ws/build/realsense2_camera
[1.321s] [35m[1mScanning dependencies of target realsense2_camera_node[0m
[1.325s] [35m[1mScanning dependencies of target realsense2_camera[0m
[1.379s] [ 16%] [32mBuilding CXX object CMakeFiles/realsense2_camera_node.dir/rclcpp_components/node_main_realsense2_camera_node.cpp.o[0m
[1.406s] [ 33%] [32mBuilding CXX object CMakeFiles/realsense2_camera.dir/src/realsense_node_factory.cpp.o[0m
[1.406s] [ 50%] [32mBuilding CXX object CMakeFiles/realsense2_camera.dir/src/base_realsense_node.cpp.o[0m
[1.406s] [ 66%] [32mBuilding CXX object CMakeFiles/realsense2_camera.dir/src/t265_realsense_node.cpp.o[0m
[3.604s] [ 83%] [32m[1mLinking CXX executable realsense2_camera_node[0m
[3.725s] [ 83%] Built target realsense2_camera_node
[4.412s] [01m[K/home/user/Projects/dev_ws/src/realsense-ros/realsense2_camera/src/base_realsense_node.cpp:[m[K In member function â€˜[01m[Kvoid realsense2_camera::BaseRealSenseNode::publishPointCloud(rs2::points, const rclcpp::Time&, const rs2::frameset&)[m[Kâ€™:
[4.412s] [01m[K/home/user/Projects/dev_ws/src/realsense-ros/realsense2_camera/src/base_realsense_node.cpp:2248:29:[m[K [01;31m[Kerror: [m[Kâ€˜[01m[Kfind_if[m[Kâ€™ was not declared in this scope; did you mean â€˜[01m[Kstd::find_if[m[Kâ€™?
[4.412s]  2248 |         texture_frame_itr = [01;31m[Kfind_if[m[K(frameset.begin(), frameset.end(), [&texture_source_id, &available_formats] (rs2::frame f)
[4.412s]       |                             [01;31m[K^~~~~~~[m[K
[4.412s]       |                             [32m[Kstd::find_if[m[K
[4.412s] In file included from [01m[K/usr/include/c++/9/algorithm:62[m[K,
[4.412s]                  from [01m[K/opt/ros/foxy/include/rosidl_runtime_cpp/bounded_vector.hpp:18[m[K,
[4.412s]                  from [01m[K/opt/ros/foxy/include/sensor_msgs/msg/detail/image__struct.hpp:8[m[K,
[4.412s]                  from [01m[K/opt/ros/foxy/include/sensor_msgs/msg/image.hpp:7[m[K,
[4.412s]                  from [01m[K/opt/ros/foxy/include/cv_bridge/cv_bridge.h:40[m[K,
[4.412s]                  from [01m[K/home/user/Projects/dev_ws/src/realsense-ros/realsense2_camera/include/realsense2_camera/base_realsense_node.h:11[m[K,
[4.412s]                  from [01m[K/home/user/Projects/dev_ws/src/realsense-ros/realsense2_camera/src/base_realsense_node.cpp:1[m[K:
[4.412s] [01m[K/usr/include/c++/9/bits/stl_algo.h:3960:5:[m[K [01;36m[Knote: [m[Kâ€˜[01m[Kstd::find_if[m[Kâ€™ declared here
[4.412s]  3960 |     [01;36m[Kfind_if[m[K(_InputIterator __first, _InputIterator __last,
[4.412s]       |     [01;36m[K^~~~~~~[m[K
[7.428s] make[2]: *** [CMakeFiles/realsense2_camera.dir/build.make:76: CMakeFiles/realsense2_camera.dir/src/base_realsense_node.cpp.o] Error 1
[7.428s] make[2]: *** Waiting for unfinished jobs....
[9.067s] make[1]: *** [CMakeFiles/Makefile2:107: CMakeFiles/realsense2_camera.dir/all] Error 2
[9.067s] make: *** [Makefile:141: all] Error 2
[9.068s] Invoked command in '/home/user/Projects/dev_ws/build/realsense2_camera' returned '2': CMAKE_PREFIX_PATH=/home/user/Projects/dev_ws/install/realsense2_camera_msgs:/home/user/Projects/dev_ws/install/realsense2_description:/home/user/Projects/dev_ws/install/realsense2_camera:/home/user/Projects/dev_ws/install/avoidance:/opt/ros/foxy DEFAULT_THROTTLE=5 LD_LIBRARY_PATH=/home/user/Projects/dev_ws/install/realsense2_camera_msgs/lib:/home/user/Projects/dev_ws/install/realsense2_camera/lib:/opt/ros/foxy/opt/yaml_cpp_vendor/lib:/opt/ros/foxy/opt/rviz_ogre_vendor/lib:/opt/ros/foxy/lib/x86_64-linux-gnu:/opt/ros/foxy/lib /usr/bin/cmake --build /home/user/Projects/dev_ws/build/realsense2_camera -- -j12 -l12
